This is pdfTeX, Version 3.141592653-2.6-1.40.25 (MiKTeX 23.12) (preloaded format=pdflatex 2024.1.9)  9 JAN 2024 23:30
entering extended mode
 restricted \write18 enabled.
 file:line:error style messages enabled.
 %&-line parsing enabled.
**"g:/Semester 7/Studienprojekt/EGroupwareTesting/Dokumentation/config/class.tex"
(g:/Semester 7/Studienprojekt/EGroupwareTesting/Dokumentation/config/class.tex
LaTeX2e <2023-11-01>
L3 programming layer <2024-01-04>
)
! Emergency stop.
<*> ...wareTesting/Dokumentation/config/class.tex"
                                                  
*** (job aborted, no legal \end found)

 
Here is how much of TeX's memory you used:
 19 strings out of 474485
 606 string characters out of 5740867
 1924528 words of memory out of 5000000
 22405 multiletter control sequences out of 15000+600000
 558069 words of font info for 36 fonts, out of 8000000 for 9000
 1141 hyphenation exceptions out of 8191
 12i,0n,13p,159b,8s stack positions out of 10000i,1000n,20000p,200000b,200000s
!  ==> Fatal error occurred, no output PDF file produced!
